### ISSUE TITLE
Alignment pseudo directives located in executable sections are handled incorrectly

### ISSUE THREAD

**Issue by jinyanghk** [ziyao233/tinycc#1]
hello, sorry to bother you, i found your post here: https://lists.nongnu.org/archive/html/tinycc-devel/2024-09/msg00005.html, it seems you're also interested in enhancing `tinycc` to support `qbe` asm, was your change merged to tinycc mob branch?

i'm also working on something similar, i found simple loop(for, while, do-while) asm code generated from cproc/qbe all got issue, there's segmentation fault

can you please give me some pointers? i want to push a fix to this part, thanks!

example:

`for-loop-test.c`

```sh
$ cat for-loop-test.c

#include<tcclib.h>
int main(){
    for(int i = 0; i < 5; i++)
        printf("i = %d\n", i);
return 0;
}
```

```sh
$ ~/tinycc/tcc -run for-loop-test.c

i = 0
i = 1
i = 2
i = 3
i = 4
```

generate `for-loop-test.i` for `cproc`

```sh
$ ~/tinycc/tcc -Btinycc -Itinycc -E for-loop-test.c -o for-loop-test.i
$ cat for-loop-test.i

# 1 "for-loop-test.c"
# 1 "<command line>" 1
# 1 "for-loop-test.c" 2

# 1 "tinycc/tcclib.h" 1
# 11 "tinycc/tcclib.h"
# 1 "tinycc/include/stddef.h" 1



typedef unsigned long size_t;
typedef long ssize_t;
typedef int wchar_t;
typedef long ptrdiff_t;
typedef long intptr_t;
typedef unsigned long uintptr_t;
# 22 "tinycc/include/stddef.h"
void *alloca(size_t size);
# 11 "tinycc/tcclib.h" 2

# 1 "tinycc/include/stdarg.h" 1



typedef __builtin_va_list va_list;






typedef va_list __gnuc_va_list;
# 12 "tinycc/tcclib.h" 2


void *calloc(size_t nmemb, size_t size);
void *malloc(size_t size);
void free(void *ptr);
void *realloc(void *ptr, size_t size);
int atoi(const char *nptr);
long int strtol(const char *nptr, char **endptr, int base);
unsigned long int strtoul(const char *nptr, char **endptr, int base);
void exit(int);


typedef struct __FILE FILE;

extern FILE *stdin;
extern FILE *stdout;
extern FILE *stderr;
FILE *fopen(const char *path, const char *mode);
FILE *fdopen(int fildes, const char *mode);
FILE *freopen(const  char *path, const char *mode, FILE *stream);
int fclose(FILE *stream);
size_t  fread(void *ptr, size_t size, size_t nmemb, FILE *stream);
size_t  fwrite(void *ptr, size_t size, size_t nmemb, FILE *stream);
int fgetc(FILE *stream);
char *fgets(char *s, int size, FILE *stream);
int getc(FILE *stream);
int getchar(void);
char *gets(char *s);
int ungetc(int c, FILE *stream);
int fflush(FILE *stream);
int putchar (int c);

int printf(const char *format, ...);
int fprintf(FILE *stream, const char *format, ...);
int sprintf(char *str, const char *format, ...);
int snprintf(char *str, size_t size, const  char  *format, ...);
int asprintf(char **strp, const char *format, ...);
int dprintf(int fd, const char *format, ...);
int vprintf(const char *format, va_list ap);
int vfprintf(FILE  *stream,  const  char *format, va_list ap);
int vsprintf(char *str, const char *format, va_list ap);
int vsnprintf(char *str, size_t size, const char  *format, va_list ap);
int vasprintf(char  **strp,  const  char *format, va_list ap);
int vdprintf(int fd, const char *format, va_list ap);

void perror(const char *s);


char *strcat(char *dest, const char *src);
char *strchr(const char *s, int c);
char *strrchr(const char *s, int c);
char *strcpy(char *dest, const char *src);
void *memcpy(void *dest, const void *src, size_t n);
void *memmove(void *dest, const void *src, size_t n);
void *memset(void *s, int c, size_t n);
char *strdup(const char *s);
size_t strlen(const char *s);






void *dlopen(const char *filename, int flag);
const char *dlerror(void);
void *dlsym(void *handle, char *symbol);
int dlclose(void *handle);
# 2 "for-loop-test.c" 2
int main(){
    for(int i = 0; i < 5; i++)
        printf("i = %d\n", i);
return 0;
}
```

generate qbe IR code `for-loop-test.qbe`

```sh
$ ~/cproc/cproc-qbe for-loop-test.i > for-loop-test.qbe
$ cat for-loop-test.qbe

data $.Lstring.2 = align 1 { b "i = %d\012\000", }
export
function w $main() {
@start.1
        %.1 =l alloc4 4
@body.2
        storew 0, %.1
@for_cond.3
        %.2 =w loadw %.1
        %.3 =w csltw %.2, 5
        jnz %.3, @for_body.4, @for_join.6
@for_body.4
        %.4 =w loadw %.1
        %.5 =w call $printf(l $.Lstring.2, ..., w %.4)
@for_cont.5
        %.6 =w loadw %.1
        %.7 =w add %.6, 1
        storew %.7, %.1
        jmp @for_cond.3
@for_join.6
        ret 0
}
```
generate x86_64 assembly `for-loop-test.s`

```sh
$ ~/qbe/qbe for-loop-test.qbe > for-loop-test.s
$ cat for-loop-test.s

.data
.balign 1
.Lstring.2:
        .ascii "i = %d\012\000"
/* end data */

.text
.balign 16
.globl main
main:
        endbr64
        pushq %rbp
        movq %rsp, %rbp
        subq $8, %rsp
        pushq %rbx
        movl $0, %ebx
.p2align 4
.Lbb2:
        cmpl $5, %ebx
        jge .Lbb4
        movl %ebx, %esi
        leaq .Lstring.2(%rip), %rdi
        movl $0, %eax
        callq printf
        addl $1, %ebx
        jmp .Lbb2
.Lbb4:
        movl $0, %eax
        popq %rbx
        leave
        ret
.type main, @function
.size main, .-main
/* end function main */

.section .note.GNU-stack,"",@progbits
```

now compile and run `for-loop-test`

```sh
$ ~/tinycc/tcc for-loop-test.s -o for-loop-test
$ ./for-loop-test
Segmentation fault (core dumped)
```

same asm code can be compiled and run by gcc with no issue:

```sh
$ gcc for-loop-test.s -o for-loop-test-gcc
$ ./for-loop-test-gcc

i = 0
i = 1
i = 2
i = 3
i = 4
```

`objdump` for `for-loop-test`

```sh
$ objdump -d for-loop-test

for-loop-test:     file format elf64-x86-64


Disassembly of section .text:

0000000000600aa0 <main@@Base-0x40>:
  600aa0:       f3 0f 1e fa             endbr64
  600aa4:       31 ed                   xor    %ebp,%ebp
  600aa6:       49 89 d1                mov    %rdx,%r9
  600aa9:       5e                      pop    %rsi
  600aaa:       48 89 e2                mov    %rsp,%rdx
  600aad:       48 83 e4 f0             and    $0xfffffffffffffff0,%rsp
  600ab1:       50                      push   %rax
  600ab2:       54                      push   %rsp
  600ab3:       45 31 c0                xor    %r8d,%r8d
  600ab6:       31 c9                   xor    %ecx,%ecx
  600ab8:       48 8b 3d 81 03 40 00    mov    0x400381(%rip),%rdi        # a00e40 <printf@plt+0x4002d8>
  600abf:       ff 15 83 03 40 00       call   *0x400383(%rip)        # a00e48 <printf@plt+0x4002e0>
  600ac5:       f4                      hlt
  600ac6:       66 2e 0f 1f 84 00 00    cs nopw 0x0(%rax,%rax,1)
  600acd:       00 00 00
  600ad0:       f3 0f 1e fa             endbr64
  600ad4:       c3                      ret
        ...

0000000000600ae0 <main@@Base>:
  600ae0:       f3 0f 1e fa             endbr64
  600ae4:       55                      push   %rbp
  600ae5:       48 89 e5                mov    %rsp,%rbp
  600ae8:       48 83 ec 08             sub    $0x8,%rsp
  600aec:       53                      push   %rbx
  600aed:       bb 00 00 00 00          mov    $0x0,%ebx
        ...
  600afe:       00 00                   add    %al,(%rax)
  600b00:       83 fb 05                cmp    $0x5,%ebx
  600b03:       0f 8d 18 00 00 00       jge    600b21 <main@@Base+0x41>
  600b09:       89 de                   mov    %ebx,%esi
  600b0b:       48 8d 3d 4a 03 60 00    lea    0x60034a(%rip),%rdi        # c00e5c <printf@plt+0x6002f4>
  600b12:       b8 00 00 00 00          mov    $0x0,%eax
  600b17:       e8 4c 00 00 00          call   600b68 <printf@plt>
  600b1c:       83 c3 01                add    $0x1,%ebx
  600b1f:       eb df                   jmp    600b00 <main@@Base+0x20>
  600b21:       b8 00 00 00 00          mov    $0x0,%eax
  600b26:       5b                      pop    %rbx
  600b27:       c9                      leave
  600b28:       c3                      ret

Disassembly of section .init:

0000000000600b2c <.init>:
  600b2c:       f3 0f 1e fa             endbr64
  600b30:       48 83 ec 08             sub    $0x8,%rsp
  600b34:       48 8b 05 15 03 40 00    mov    0x400315(%rip),%rax        # a00e50 <printf@plt+0x4002e8>
  600b3b:       48 85 c0                test   %rax,%rax
  600b3e:       74 02                   je     600b42 <main@@Base+0x62>
  600b40:       ff d0                   call   *%rax
  600b42:       48 83 c4 08             add    $0x8,%rsp
  600b46:       c3                      ret

Disassembly of section .fini:

0000000000600b48 <.fini>:
  600b48:       f3 0f 1e fa             endbr64
  600b4c:       48 83 ec 08             sub    $0x8,%rsp
  600b50:       48 83 c4 08             add    $0x8,%rsp
  600b54:       c3                      ret

Disassembly of section .plt:

0000000000600b58 <printf@plt-0x10>:
  600b58:       ff 35 ca 02 40 00       push   0x4002ca(%rip)        # a00e28 <printf@plt+0x4002c0>
  600b5e:       ff 25 cc 02 40 00       jmp    *0x4002cc(%rip)        # a00e30 <printf@plt+0x4002c8>
  600b64:       00 00                   add    %al,(%rax)
        ...

0000000000600b68 <printf@plt>:
  600b68:       ff 25 ca 02 40 00       jmp    *0x4002ca(%rip)        # a00e38 <printf@plt+0x4002d0>
  600b6e:       68 00 00 00 00          push   $0x0
  600b73:       e9 e0 ff ff ff          jmp    600b58 <main@@Base+0x78>
```

`objdump` for `for-loop-test-gcc`

```sh
$ objdump -d for-loop-test-gcc

for-loop-test-gcc:     file format elf64-x86-64


Disassembly of section .init:

0000000000001000 <_init>:
    1000:       f3 0f 1e fa             endbr64
    1004:       48 83 ec 08             sub    $0x8,%rsp
    1008:       48 8b 05 d9 2f 00 00    mov    0x2fd9(%rip),%rax        # 3fe8 <__gmon_start__@Base>
    100f:       48 85 c0                test   %rax,%rax
    1012:       74 02                   je     1016 <_init+0x16>
    1014:       ff d0                   call   *%rax
    1016:       48 83 c4 08             add    $0x8,%rsp
    101a:       c3                      ret

Disassembly of section .plt:

0000000000001020 <printf@plt-0x10>:
    1020:       ff 35 9a 2f 00 00       push   0x2f9a(%rip)        # 3fc0 <_GLOBAL_OFFSET_TABLE_+0x8>
    1026:       ff 25 9c 2f 00 00       jmp    *0x2f9c(%rip)        # 3fc8 <_GLOBAL_OFFSET_TABLE_+0x10>
    102c:       0f 1f 40 00             nopl   0x0(%rax)

0000000000001030 <printf@plt>:
    1030:       ff 25 9a 2f 00 00       jmp    *0x2f9a(%rip)        # 3fd0 <printf@GLIBC_2.2.5>
    1036:       68 00 00 00 00          push   $0x0
    103b:       e9 e0 ff ff ff          jmp    1020 <_init+0x20>

Disassembly of section .plt.got:

0000000000001040 <__cxa_finalize@plt>:
    1040:       ff 25 b2 2f 00 00       jmp    *0x2fb2(%rip)        # 3ff8 <__cxa_finalize@GLIBC_2.2.5>
    1046:       66 90                   xchg   %ax,%ax

Disassembly of section .text:

0000000000001050 <_start>:
    1050:       f3 0f 1e fa             endbr64
    1054:       31 ed                   xor    %ebp,%ebp
    1056:       49 89 d1                mov    %rdx,%r9
    1059:       5e                      pop    %rsi
    105a:       48 89 e2                mov    %rsp,%rdx
    105d:       48 83 e4 f0             and    $0xfffffffffffffff0,%rsp
    1061:       50                      push   %rax
    1062:       54                      push   %rsp
    1063:       45 31 c0                xor    %r8d,%r8d
    1066:       31 c9                   xor    %ecx,%ecx
    1068:       48 8d 3d d1 00 00 00    lea    0xd1(%rip),%rdi        # 1140 <main>
    106f:       ff 15 63 2f 00 00       call   *0x2f63(%rip)        # 3fd8 <__libc_start_main@GLIBC_2.34>
    1075:       f4                      hlt
    1076:       66 2e 0f 1f 84 00 00    cs nopw 0x0(%rax,%rax,1)
    107d:       00 00 00

0000000000001080 <deregister_tm_clones>:
    1080:       48 8d 3d 91 2f 00 00    lea    0x2f91(%rip),%rdi        # 4018 <__TMC_END__>
    1087:       48 8d 05 8a 2f 00 00    lea    0x2f8a(%rip),%rax        # 4018 <__TMC_END__>
    108e:       48 39 f8                cmp    %rdi,%rax
    1091:       74 15                   je     10a8 <deregister_tm_clones+0x28>
    1093:       48 8b 05 46 2f 00 00    mov    0x2f46(%rip),%rax        # 3fe0 <_ITM_deregisterTMCloneTable@Base>
    109a:       48 85 c0                test   %rax,%rax
    109d:       74 09                   je     10a8 <deregister_tm_clones+0x28>
    109f:       ff e0                   jmp    *%rax
    10a1:       0f 1f 80 00 00 00 00    nopl   0x0(%rax)
    10a8:       c3                      ret
    10a9:       0f 1f 80 00 00 00 00    nopl   0x0(%rax)

00000000000010b0 <register_tm_clones>:
    10b0:       48 8d 3d 61 2f 00 00    lea    0x2f61(%rip),%rdi        # 4018 <__TMC_END__>
    10b7:       48 8d 35 5a 2f 00 00    lea    0x2f5a(%rip),%rsi        # 4018 <__TMC_END__>
    10be:       48 29 fe                sub    %rdi,%rsi
    10c1:       48 89 f0                mov    %rsi,%rax
    10c4:       48 c1 ee 3f             shr    $0x3f,%rsi
    10c8:       48 c1 f8 03             sar    $0x3,%rax
    10cc:       48 01 c6                add    %rax,%rsi
    10cf:       48 d1 fe                sar    $1,%rsi
    10d2:       74 14                   je     10e8 <register_tm_clones+0x38>
    10d4:       48 8b 05 15 2f 00 00    mov    0x2f15(%rip),%rax        # 3ff0 <_ITM_registerTMCloneTable@Base>
    10db:       48 85 c0                test   %rax,%rax
    10de:       74 08                   je     10e8 <register_tm_clones+0x38>
    10e0:       ff e0                   jmp    *%rax
    10e2:       66 0f 1f 44 00 00       nopw   0x0(%rax,%rax,1)
    10e8:       c3                      ret
    10e9:       0f 1f 80 00 00 00 00    nopl   0x0(%rax)

00000000000010f0 <__do_global_dtors_aux>:
    10f0:       f3 0f 1e fa             endbr64
    10f4:       80 3d 1d 2f 00 00 00    cmpb   $0x0,0x2f1d(%rip)        # 4018 <__TMC_END__>
    10fb:       75 2b                   jne    1128 <__do_global_dtors_aux+0x38>
    10fd:       55                      push   %rbp
    10fe:       48 83 3d f2 2e 00 00    cmpq   $0x0,0x2ef2(%rip)        # 3ff8 <__cxa_finalize@GLIBC_2.2.5>
    1105:       00
    1106:       48 89 e5                mov    %rsp,%rbp
    1109:       74 0c                   je     1117 <__do_global_dtors_aux+0x27>
    110b:       48 8b 3d f6 2e 00 00    mov    0x2ef6(%rip),%rdi        # 4008 <__dso_handle>
    1112:       e8 29 ff ff ff          call   1040 <__cxa_finalize@plt>
    1117:       e8 64 ff ff ff          call   1080 <deregister_tm_clones>
    111c:       c6 05 f5 2e 00 00 01    movb   $0x1,0x2ef5(%rip)        # 4018 <__TMC_END__>
    1123:       5d                      pop    %rbp
    1124:       c3                      ret
    1125:       0f 1f 00                nopl   (%rax)
    1128:       c3                      ret
    1129:       0f 1f 80 00 00 00 00    nopl   0x0(%rax)

0000000000001130 <frame_dummy>:
    1130:       f3 0f 1e fa             endbr64
    1134:       e9 77 ff ff ff          jmp    10b0 <register_tm_clones>
    1139:       0f 1f 80 00 00 00 00    nopl   0x0(%rax)

0000000000001140 <main>:
    1140:       f3 0f 1e fa             endbr64
    1144:       55                      push   %rbp
    1145:       48 89 e5                mov    %rsp,%rbp
    1148:       48 83 ec 08             sub    $0x8,%rsp
    114c:       53                      push   %rbx
    114d:       bb 00 00 00 00          mov    $0x0,%ebx
    1152:       66 66 2e 0f 1f 84 00    data16 cs nopw 0x0(%rax,%rax,1)
    1159:       00 00 00 00
    115d:       0f 1f 00                nopl   (%rax)
    1160:       83 fb 05                cmp    $0x5,%ebx
    1163:       7d 18                   jge    117d <main+0x3d>
    1165:       89 de                   mov    %ebx,%esi
    1167:       48 8d 3d a2 2e 00 00    lea    0x2ea2(%rip),%rdi        # 4010 <__dso_handle+0x8>
    116e:       b8 00 00 00 00          mov    $0x0,%eax
    1173:       e8 b8 fe ff ff          call   1030 <printf@plt>
    1178:       83 c3 01                add    $0x1,%ebx
    117b:       eb e3                   jmp    1160 <main+0x20>
    117d:       b8 00 00 00 00          mov    $0x0,%eax
    1182:       5b                      pop    %rbx
    1183:       c9                      leave
    1184:       c3                      ret

Disassembly of section .fini:

0000000000001188 <_fini>:
    1188:       f3 0f 1e fa             endbr64
    118c:       48 83 ec 08             sub    $0x8,%rsp
    1190:       48 83 c4 08             add    $0x8,%rsp
    1194:       c3                      ret
```

**Comment by ziyao233** [comment]
> hello, sorry to bother you, i found your post here: https://lists.nongnu.org/archive/html/tinycc-devel/2024-09/msg00005.html, it seems you're also interested in enhancing `tinycc` to support `qbe` asm, was your change merged to tinycc mob branch?

It's easier to check `git log` instead by yourself :)

Looks like someone else has pushed these commits to mob.

```
$ git log --oneline a21b5f1fd7eda4f8b23ed5c5cc3f6ead748401db -2
a21b5f1fd7ed x86_64-asm: support endbr64 instruction
6acf301e7758 x86_64-asm.h: support callq for better compat
$ git for-each-ref --contains a21b5f1fd7eda4f8b23ed5c5cc3f6ead748401db
9b8765d8baaeb2a16112d68cf9defd4b804b0dc9 commit refs/heads/mob
9b8765d8baaeb2a16112d68cf9defd4b804b0dc9 commit refs/remotes/origin/HEAD
9b8765d8baaeb2a16112d68cf9defd4b804b0dc9 commit refs/remotes/origin/mob
```

> i'm also working on something similar, i found simple loop(for, while, do-while) asm code generated from cproc/qbe all got issue, there's segmentation fault
> 
> can you please give me some pointers? i want to push a fix to this part, thanks!

...

> now compile and run `for-loop-test`
> 
> $ ~/tinycc/tcc for-loop-test.s -o for-loop-test
> $ ./for-loop-test
> Segmentation fault (core dumped)

Suggest debugging with debuggers and see what instructions cause the fault first.

**Comment by jinyanghk** [comment]
@ziyao233 , thanks for the update, i tried again '-g' and core dump, below are the details

```sh
$ ~/tinycc/tcc -g for-loop-test.s -o for-loop-test-tcc-debug
$ ./for-loop-test-tcc-debug
Segmentation fault (core dumped)

$ cp /mnt/c/Users/jin/AppData/local/Temp/wsl-crashes/wsl-crash-1777354140-2084-_home_jin_for-loop-test-tcc-debug-11.dmp .

$ gdb ./for-test-tcc-debug wsl-crash-1777354140-2084-_home_jin_for-loop-test-tcc-debug-11.dmp
GNU gdb (Ubuntu 15.0.50.20240403-0ubuntu1) 15.0.50.20240403-git
Copyright (C) 2024 Free Software Foundation, Inc.
License GPLv3+: GNU GPL version 3 or later <http://gnu.org/licenses/gpl.html>
This is free software: you are free to change and redistribute it.
There is NO WARRANTY, to the extent permitted by law.
Type "show copying" and "show warranty" for details.
This GDB was configured as "x86_64-linux-gnu".
Type "show configuration" for configuration details.
For bug reporting instructions, please see:
<https://www.gnu.org/software/gdb/bugs/>.
Find the GDB manual and other documentation resources online at:
    <http://www.gnu.org/software/gdb/documentation/>.

For help, type "help".
Type "apropos word" to search for commands related to "word"...
./for-test-tcc-debug: No such file or directory.
[New LWP 2084]

This GDB supports auto-downloading debuginfo from the following URLs:
  <https://debuginfod.ubuntu.com>
Enable debuginfod for this session? (y or [n])
Debuginfod has been disabled.
To make this setting permanent, add 'set debuginfod enabled off' to .gdbinit.
Core was generated by `./for-loop-test-tcc-debug'.
Program terminated with signal SIGSEGV, Segmentation fault.
#0  0x0000000000600bf2 in ?? ()
(gdb) backtrace
#0  0x0000000000600bf2 in ?? ()
#1  0x00007ffd2524e788 in ?? ()
#2  0x00007ffd2524e788 in ?? ()
#3  0x00007ffd2524e700 in ?? ()
#4  0x00007b2d63c2a1ca in ?? ()
#5  0x00007ffd2524e6b0 in ?? ()
#6  0x00007ffd2524e788 in ?? ()
#7  0x0000000100400040 in ?? ()
#8  0x0000000000600be0 in ?? ()
#9  0x00007ffd2524e788 in ?? ()
#10 0xd066a3f9fab20b42 in ?? ()
#11 0x0000000000000001 in ?? ()
#12 0x0000000000000000 in ?? ()
(gdb) info registers
rax            0x600be0            6294496
rbx            0x0                 0
rcx            0x600c2c            6294572
rdx            0x7ffd2524e798      140725226629016
rsi            0x7ffd2524e788      140725226629000
rdi            0x1                 1
rbp            0x7ffd2524e660      0x7ffd2524e660
rsp            0x7ffd2524e650      0x7ffd2524e650
r8             0x0                 0
r9             0x7b2d63f17380      135434880512896
r10            0x7ffd2524e380      140725226627968
r11            0x203               515
r12            0x1                 1
r13            0x0                 0
r14            0x7b2d63f4b2e0      135434880725728
r15            0x7b2d63f4a000      135434880720896
rip            0x600bf2            0x600bf2
eflags         0x10212             [ AF IF RF ]
cs             0x33                51
ss             0x2b                43
ds             0x0                 0
es             0x0                 0
fs             0x0                 0
gs             0x0                 0
fs_base        0x7b2d63f02740      135434880427840
gs_base        0x0                 0
(gdb) x/100i $rip
=> 0x600bf2:    add    %al,(%rax)
   0x600bf4:    add    %al,(%rax)
   0x600bf6:    add    %al,(%rax)
   0x600bf8:    add    %al,(%rax)
   0x600bfa:    add    %al,(%rax)
   0x600bfc:    add    %al,(%rax)
   0x600bfe:    add    %al,(%rax)
   0x600c00:    cmp    $0x5,%ebx
   0x600c03:    jge    0x600c21
   0x600c09:    mov    %ebx,%esi
   0x600c0b:    lea    0x60035a(%rip),%rdi        # 0xc00f6c
   0x600c12:    mov    $0x0,%eax
   0x600c17:    call   0x600c68
   0x600c1c:    add    $0x1,%ebx
   0x600c1f:    jmp    0x600c00
   0x600c21:    mov    $0x0,%eax
   0x600c26:    pop    %rbx
   0x600c27:    leave
   0x600c28:    ret
   0x600c29:    add    %al,(%rax)
   0x600c2b:    add    %dh,%bl
   0x600c2d:    nop    %edx
   0x600c30:    sub    $0x8,%rsp
   0x600c34:    mov    0x400325(%rip),%rax        # 0xa00f60
   0x600c3b:    test   %rax,%rax
   0x600c3e:    je     0x600c42
   0x600c40:    call   *%rax
--Type <RET> for more, q to quit, c to continue without paging--
   0x600c42:    add    $0x8,%rsp
   0x600c46:    ret
   0x600c47:    add    %dh,%bl
   0x600c49:    nop    %edx
   0x600c4c:    sub    $0x8,%rsp
   0x600c50:    add    $0x8,%rsp
   0x600c54:    ret
   0x600c55:    add    %al,(%rax)
   0x600c57:    add    %bh,%bh
   0x600c59:    xor    $0x4002da,%eax
   0x600c5e:    jmp    *0x4002dc(%rip)        # 0xa00f40
   0x600c64:    add    %al,(%rax)
   0x600c66:    add    %al,(%rax)
   0x600c68:    jmp    *0x4002da(%rip)        # 0xa00f48
   0x600c6e:    push   $0x0
   0x600c73:    jmp    0x600c58
   0x600c78:    adc    $0x0,%al
   0x600c7a:    add    %al,(%rax)
   0x600c7c:    add    %al,(%rax)
   0x600c7e:    add    %al,(%rax)
   0x600c80:    add    %edi,0x52(%rdx)
   0x600c83:    add    %al,(%rcx)
   0x600c85:    js     0x600c97
   0x600c87:    add    %ebx,(%rbx)
   0x600c89:    or     $0x7,%al
   0x600c8b:    or     %dl,0x14000001(%rax)
   0x600c91:    add    %al,(%rax)
--Type <RET> for more, q to quit, c to continue without paging--
   0x600c93:    add    %al,(%rax)
   0x600c95:    add    %al,(%rax)
   0x600c97:    add    %al,(%rcx)
   0x600c99:    jp     0x600ced
   0x600c9b:    add    %al,(%rcx)
   0x600c9d:    js     0x600caf
   0x600c9f:    add    %ebx,(%rbx)
   0x600ca1:    or     $0x7,%al
   0x600ca3:    or     %dl,0x14000001(%rax)
   0x600ca9:    add    %al,(%rax)
   0x600cab:    add    %bl,(%rax,%rax,1)
   0x600cae:    add    %al,(%rax)
   0x600cb0:    lock (bad)
   0x600cb2:    (bad)
   0x600cb4:    es add %al,(%rax)
   0x600cb7:    add    %al,(%rax)
   0x600cb9:    rex.R (bad)
   0x600cbb:    adc    %al,(%rax)
   0x600cbd:    add    %al,(%rax)
   0x600cbf:    add    %dl,(%rax,%rax,1)
   0x600cc2:    add    %al,(%rax)
   0x600cc4:    add    %al,(%rax)
   0x600cc6:    add    %al,(%rax)
   0x600cc8:    add    %edi,0x52(%rdx)
   0x600ccb:    add    %al,(%rcx)
   0x600ccd:    js     0x600cdf
   0x600ccf:    add    %ebx,(%rbx)
--Type <RET> for more, q to quit, c to continue without paging--
   0x600cd1:    or     $0x7,%al
   0x600cd3:    or     %dl,0x10000001(%rax)
   0x600cd9:    add    %al,(%rax)
   0x600cdb:    add    %bl,(%rax,%rax,1)
   0x600cde:    add    %al,(%rax)
   0x600ce0:    lock (bad)
   0x600ce2:    (bad)
   0x600ce4:    add    $0x0,%eax
   0x600ce9:    add    %al,(%rax)
   0x600ceb:    add    %al,(%rcx)
   0x600ced:    add    %al,(%rdx)
   0x600cef:    add    %al,(%rcx)
   0x600cf1:    sbb    (%rbx),%eax
   0x600cf3:    cmp    0x2ffff(%rdi,%rdi,8),%eax
   0x600cfa:    add    %al,(%rax)
   0x600cfc:    mov    $0xfe,%al
   0x600cfe:    (bad)
   0x600d00:    mov    $0xe0ffffff,%eax
   0x600d05:    (bad)
(gdb)
```

**Comment by jinyanghk** [comment]
i tried again with `~/tinycc/tcc -Btinycc -g for-loop-test.s -o for-loop-test-tcc-debug-2`, the previous one might have linked to gcc's crt lib

```sh
$ gdb ./for-loop-test-tcc-debug-2 wsl-crash-1777357156-11154-_home_jin_for-loop-test-tcc-debug-2-11.dmp
GNU gdb (Ubuntu 15.0.50.20240403-0ubuntu1) 15.0.50.20240403-git
Copyright (C) 2024 Free Software Foundation, Inc.
License GPLv3+: GNU GPL version 3 or later <http://gnu.org/licenses/gpl.html>
This is free software: you are free to change and redistribute it.
There is NO WARRANTY, to the extent permitted by law.
Type "show copying" and "show warranty" for details.
This GDB was configured as "x86_64-linux-gnu".
Type "show configuration" for configuration details.
For bug reporting instructions, please see:
<https://www.gnu.org/software/gdb/bugs/>.
Find the GDB manual and other documentation resources online at:
    <http://www.gnu.org/software/gdb/documentation/>.

For help, type "help".
Type "apropos word" to search for commands related to "word"...
Reading symbols from ./for-loop-test-tcc-debug-2...

warning: core file may not match specified executable file.
[New LWP 11154]

This GDB supports auto-downloading debuginfo from the following URLs:
  <https://debuginfod.ubuntu.com>
Enable debuginfod for this session? (y or [n])
Debuginfod has been disabled.
To make this setting permanent, add 'set debuginfod enabled off' to .gdbinit.
[Thread debugging using libthread_db enabled]
Using host libthread_db library "/lib/x86_64-linux-gnu/libthread_db.so.1".
Core was generated by `./for-loop-test-tcc-debug-2'.
Program terminated with signal SIGSEGV, Segmentation fault.
#0  0x0000000000600bf2 in main () at for-loop-test.s:36
--Type <RET> for more, q to quit, c to continue without paging--
36      .section .note.GNU-stack,"",@progbits
(gdb) backtrace
#0  0x0000000000600bf2 in main () at for-loop-test.s:36
(gdb) info registers
rax            0x600be0            6294496
rbx            0x0                 0
rcx            0x600c2c            6294572
rdx            0x7ffc57466338      140721772716856
rsi            0x7ffc57466328      140721772716840
rdi            0x1                 1
rbp            0x7ffc57466200      0x7ffc57466200
rsp            0x7ffc574661f0      0x7ffc574661f0
r8             0x0                 0
r9             0x791d6622c380      133167174566784
r10            0x7ffc57465f20      140721772715808
r11            0x203               515
r12            0x1                 1
r13            0x0                 0
r14            0x791d662602e0      133167174779616
r15            0x791d6625f000      133167174774784
rip            0x600bf2            0x600bf2 <main+18>
eflags         0x10212             [ AF IF RF ]
cs             0x33                51
ss             0x2b                43
ds             0x0                 0
es             0x0                 0
fs             0x0                 0
gs             0x0                 0
fs_base        0x791d66217740      133167174481728
gs_base        0x0                 0
(gdb) x/100i $rip
=> 0x600bf2 <main+18>:  add    %al,(%rax)
   0x600bf4 <main+20>:  add    %al,(%rax)
   0x600bf6 <main+22>:  add    %al,(%rax)
   0x600bf8 <main+24>:  add    %al,(%rax)
   0x600bfa <main+26>:  add    %al,(%rax)
   0x600bfc <main+28>:  add    %al,(%rax)
   0x600bfe <main+30>:  add    %al,(%rax)
   0x600c00 <main+32>:  cmp    $0x5,%ebx
   0x600c03 <main+35>:  jge    0x600c21 <main+65>
   0x600c09 <main+41>:  mov    %ebx,%esi
   0x600c0b <main+43>:  lea    0x60035a(%rip),%rdi        # 0xc00f6c
   0x600c12 <main+50>:  mov    $0x0,%eax
   0x600c17 <main+55>:  call   0x600c68 <printf@plt>
   0x600c1c <main+60>:  add    $0x1,%ebx
   0x600c1f <main+63>:  jmp    0x600c00 <main+32>
   0x600c21 <main+65>:  mov    $0x0,%eax
   0x600c26 <main+70>:  pop    %rbx
   0x600c27 <main+71>:  leave
   0x600c28 <main+72>:  ret
   0x600c29:    add    %al,(%rax)
   0x600c2b:    add    %dh,%bl
   0x600c2d <_init+1>:  nop    %edx
   0x600c30 <_init+4>:  sub    $0x8,%rsp
   0x600c34 <_init+8>:  mov    0x400325(%rip),%rax        # 0xa00f60 <__gmon_start__@got.plt>
   0x600c3b <_init+15>: test   %rax,%rax
   0x600c3e <_init+18>: je     0x600c42 <_init+22>
   0x600c40 <_init+20>: call   *%rax
--Type <RET> for more, q to quit, c to continue without paging--
   0x600c42 <_init+22>: add    $0x8,%rsp
   0x600c46 <_init+26>: ret
   0x600c47:    add    %dh,%bl
   0x600c49 <_fini+1>:  nop    %edx
   0x600c4c <_fini+4>:  sub    $0x8,%rsp
   0x600c50 <_fini+8>:  add    $0x8,%rsp
   0x600c54 <_fini+12>: ret
   0x600c55:    add    %al,(%rax)
   0x600c57:    add    %bh,%bh
   0x600c59:    xor    $0x4002da,%eax
   0x600c5e:    jmp    *0x4002dc(%rip)        # 0xa00f40 <_GLOBAL_OFFSET_TABLE_+16>
   0x600c64:    add    %al,(%rax)
   0x600c66:    add    %al,(%rax)
   0x600c68 <printf@plt>:       jmp    *0x4002da(%rip)        # 0xa00f48 <_GLOBAL_OFFSET_TABLE_+24>
   0x600c6e <printf@plt+6>:     push   $0x0
   0x600c73 <printf@plt+11>:    jmp    0x600c58
   0x600c78:    adc    $0x0,%al
   0x600c7a:    add    %al,(%rax)
   0x600c7c:    add    %al,(%rax)
   0x600c7e:    add    %al,(%rax)
   0x600c80:    add    %edi,0x52(%rdx)
   0x600c83:    add    %al,(%rcx)
   0x600c85:    js     0x600c97
   0x600c87:    add    %ebx,(%rbx)
   0x600c89:    or     $0x7,%al
   0x600c8b:    or     %dl,0x14000001(%rax)
   0x600c91:    add    %al,(%rax)
--Type <RET> for more, q to quit, c to continue without paging--
   0x600c93:    add    %al,(%rax)
   0x600c95:    add    %al,(%rax)
   0x600c97:    add    %al,(%rcx)
   0x600c99:    jp     0x600ced
   0x600c9b:    add    %al,(%rcx)
   0x600c9d:    js     0x600caf
   0x600c9f:    add    %ebx,(%rbx)
   0x600ca1:    or     $0x7,%al
   0x600ca3:    or     %dl,0x14000001(%rax)
   0x600ca9:    add    %al,(%rax)
   0x600cab:    add    %bl,(%rax,%rax,1)
   0x600cae:    add    %al,(%rax)
   0x600cb0:    lock (bad)
   0x600cb2:    (bad)
   0x600cb4:    es add %al,(%rax)
   0x600cb7:    add    %al,(%rax)
   0x600cb9:    rex.R (bad)
   0x600cbb:    adc    %al,(%rax)
   0x600cbd:    add    %al,(%rax)
   0x600cbf:    add    %dl,(%rax,%rax,1)
   0x600cc2:    add    %al,(%rax)
   0x600cc4:    add    %al,(%rax)
   0x600cc6:    add    %al,(%rax)
   0x600cc8:    add    %edi,0x52(%rdx)
   0x600ccb:    add    %al,(%rcx)
   0x600ccd:    js     0x600cdf
   0x600ccf:    add    %ebx,(%rbx)
--Type <RET> for more, q to quit, c to continue without paging--
   0x600cd1:    or     $0x7,%al
   0x600cd3:    or     %dl,0x10000001(%rax)
   0x600cd9:    add    %al,(%rax)
   0x600cdb:    add    %bl,(%rax,%rax,1)
   0x600cde:    add    %al,(%rax)
   0x600ce0:    lock (bad)
   0x600ce2:    (bad)
   0x600ce4:    add    $0x0,%eax
   0x600ce9:    add    %al,(%rax)
   0x600ceb:    add    %al,(%rcx)
   0x600ced:    add    %al,(%rdx)
   0x600cef:    add    %al,(%rcx)
   0x600cf1:    sbb    (%rbx),%eax
   0x600cf3:    cmp    0x2ffff(%rdi,%rdi,8),%eax
   0x600cfa:    add    %al,(%rax)
   0x600cfc:    mov    $0xfe,%al
   0x600cfe:    (bad)
   0x600d00:    mov    $0xe0ffffff,%eax
   0x600d05:    (bad)
(gdb)
```

**Comment by ziyao233** [comment]
The root cause is that TinyCC incorrectly handles `.align`-class pseudo instructions inside `.text` sections, naively filing zeroed bytes instead of `nop` instructions. A minimal reproducer would look like,

```assembly
	.global	main
main:
	xorl %eax, %eax
	.p2align 4 // replacing .p2align with .align with specific sizes would also lead to broken binary
	ret
```

and the objdump looks like (quoting relative parts only),

```asm
0000000000400338 <main>:     
  400338: 31 c0                         xorl    %eax, %eax
  40033a: 00 00                         addb    %al, (%rax)
  40033c: 00 00                         addb    %al, (%rax)
  40033e: 00 00                         addb    %al, (%rax)
  400340: c3                            retq
  400341: 00 00                         addb    %al, (%rax)
  400343: 00                            <unknown>
```

while Clang generates,

```asm
0000000000001520 <main>:
    1520: 31 c0                         xorl    %eax, %eax
    1522: 66 2e 0f 1f 84 00 00 00 00 00 nopw    %cs:(%rax,%rax)
    152c: 0f 1f 40 00                   nopl    (%rax)
    1530: c3                            retq
    1531: cc                            int3
    1532: cc                            int3
    1533: cc                            int3
```

Though I couldn't come up with a reason to force an alignment in `qbe`-generated code, this is a bug in TinyCC. You probably want to fix `asm_parse_directive()` to decide what to fill based on `sec->sh_flags`.

**Comment by jinyanghk** [comment]
@ziyao233 thanks a lot! i believe i can take it from here, i'll let you know

**Comment by jinyanghk** [comment]
not sure if this is right, below change works for me:

<img width="879" height="378" alt="Image" src="https://github.com/user-attachments/assets/4de0b143-bb91-4772-aff9-ca6fc52db039" />

update:
it works for `for-loop-test.s`, both compile then run or with `-run` flag, but your minimal test code only works for compile and run, `tcc -run` will also lead to segmentation fault

a.out produced by `./tcc -B. p2align-test.s`
```sh
$ objdump -d a.out

a.out:     file format elf64-x86-64


Disassembly of section .text:

00000000006009c0 <main@@Base-0x35>:
  6009c0:       f3 0f 1e fa             endbr64
  6009c4:       31 ed                   xor    %ebp,%ebp
  6009c6:       49 89 d1                mov    %rdx,%r9
  6009c9:       5e                      pop    %rsi
  6009ca:       48 89 e2                mov    %rsp,%rdx
  6009cd:       48 83 e4 f0             and    $0xfffffffffffffff0,%rsp
  6009d1:       50                      push   %rax
  6009d2:       54                      push   %rsp
  6009d3:       45 31 c0                xor    %r8d,%r8d
  6009d6:       31 c9                   xor    %ecx,%ecx
  6009d8:       48 8b 3d c9 02 40 00    mov    0x4002c9(%rip),%rdi        # a00ca8 <main@@Base+0x4002b3>
  6009df:       ff 15 cb 02 40 00       call   *0x4002cb(%rip)        # a00cb0 <main@@Base+0x4002bb>
  6009e5:       f4                      hlt
  6009e6:       66 2e 0f 1f 84 00 00    cs nopw 0x0(%rax,%rax,1)
  6009ed:       00 00 00
  6009f0:       f3 0f 1e fa             endbr64
  6009f4:       c3                      ret

00000000006009f5 <main@@Base>:
  6009f5:       31 c0                   xor    %eax,%eax
  6009f7:       c3                      ret

Disassembly of section .init:

00000000006009f8 <.init>:
  6009f8:       f3 0f 1e fa             endbr64
  6009fc:       48 83 ec 08             sub    $0x8,%rsp
  600a00:       48 8b 05 b1 02 40 00    mov    0x4002b1(%rip),%rax        # a00cb8 <__gmon_start__@Base>
  600a07:       48 85 c0                test   %rax,%rax
  600a0a:       74 02                   je     600a0e <main@@Base+0x19>
  600a0c:       ff d0                   call   *%rax
  600a0e:       48 83 c4 08             add    $0x8,%rsp
  600a12:       c3                      ret

Disassembly of section .fini:

0000000000600a14 <.fini>:
  600a14:       f3 0f 1e fa             endbr64
  600a18:       48 83 ec 08             sub    $0x8,%rsp
  600a1c:       48 83 c4 08             add    $0x8,%rsp
  600a20:       c3                      ret
``` 

```sh
$ ./tcc -B. -run ssa/asm/p2align-test.s
Segmentation fault (core dumped)
```

gdb with core dump

```sh
$ gdb a.out wsl-crash-1777429245-19155-_home_jin_tinycc_tcc-11.dmp
GNU gdb (Ubuntu 15.0.50.20240403-0ubuntu1) 15.0.50.20240403-git
Copyright (C) 2024 Free Software Foundation, Inc.
License GPLv3+: GNU GPL version 3 or later <http://gnu.org/licenses/gpl.html>
This is free software: you are free to change and redistribute it.
There is NO WARRANTY, to the extent permitted by law.
Type "show copying" and "show warranty" for details.
This GDB was configured as "x86_64-linux-gnu".
Type "show configuration" for configuration details.
For bug reporting instructions, please see:
<https://www.gnu.org/software/gdb/bugs/>.
Find the GDB manual and other documentation resources online at:
    <http://www.gnu.org/software/gdb/documentation/>.

For help, type "help".
Type "apropos word" to search for commands related to "word"...
Reading symbols from a.out...
(No debugging symbols found in a.out)

warning: core file may not match specified executable file.
[New LWP 19155]

This GDB supports auto-downloading debuginfo from the following URLs:
  <https://debuginfod.ubuntu.com>
Enable debuginfod for this session? (y or [n])
Debuginfod has been disabled.
To make this setting permanent, add 'set debuginfod enabled off' to .gdbinit.
[Thread debugging using libthread_db enabled]
Using host libthread_db library "/lib/x86_64-linux-gnu/libthread_db.so.1".
Core was generated by `./tcc -B. -run ssa/asm/p2align-test.s'.
Program terminated with signal SIGSEGV, Segmentation fault.
--Type <RET> for more, q to quit, c to continue without paging--
#0  0x00006540507db002 in ?? ()
(gdb) backtrace
#0  0x00006540507db002 in ?? ()
#1  0x00006540507db2a6 in ?? ()
#2  0x00007b1c1a444fb0 in ?? () from /lib/x86_64-linux-gnu/libc.so.6
#3  0x00007ffda1f0f8c0 in ?? ()
#4  0x00007ffda1f0f8b0 in ?? ()
#5  0x0000000000000001 in ?? ()
#6  0x00007ffda1f0f6f0 in ?? ()
#7  0x0000654038414a4e in ?? ()
#8  0x00007ffda1f0f600 in ?? ()
#9  0x00007ffda1f0f8b0 in ?? ()
#10 0x0000000100000000 in ?? ()
#11 0x00006540507d52a0 in ?? ()
#12 0x00000000a1f0f630 in ?? ()
#13 0x00006540507db257 in ?? ()
#14 0x0000654038453c95 in ?? ()
#15 0x00007ffda1f0f8c0 in ?? ()
#16 0x00007ffda1f0f898 in ?? ()
#17 0x63f9c39cb7e728be in ?? ()
#18 0x0000000000000004 in ?? ()
#19 0x0000000000000000 in ?? ()
(gdb) info registers
rax            0x0                 0
rbx            0x7ffda1f0f898      140727320377496
rcx            0x6540507db000      111326902726656
rdx            0x7ffda1f0f8c0      140727320377536
rsi            0x7ffda1f0f8b0      140727320377520
rdi            0x1                 1
rbp            0x7ffda1f0f5d0      0x7ffda1f0f5d0
rsp            0x7ffda1f0f5a8      0x7ffda1f0f5a8
r8             0x6540507db257      111326902727255
r9             0x7                 7
r10            0x7ffda1f0f8c0      140727320377536
r11            0x73e66e7403628b81  8351484003557215105
r12            0x4                 4
r13            0x0                 0
r14            0x654038465118      111326496444696
r15            0x7b1c1a771000      135360633311232
rip            0x6540507db002      0x6540507db002
eflags         0x10246             [ PF ZF IF RF ]
cs             0x33                51
ss             0x2b                43
ds             0x0                 0
es             0x0                 0
fs             0x0                 0
gs             0x0                 0
fs_base        0x7b1c1a640740      135360632063808
gs_base        0x0                 0
(gdb) x/100i $rip
=> 0x6540507db002:      add    %al,(%rax)
   0x6540507db004:      add    %al,(%rax)
   0x6540507db006:      add    %al,(%rax)
   0x6540507db008:      add    %al,(%rax)
   0x6540507db00a:      add    %al,(%rax)
   0x6540507db00c:      add    %al,(%rax)
   0x6540507db00e:      add    %al,(%rax)
   0x6540507db010:      ret
   0x6540507db011:      add    %al,(%rax)
   0x6540507db013:      add    %al,(%rax)
   0x6540507db015:      add    %al,(%rax)
   0x6540507db017:      add    %dl,0x48(%rbp)
   0x6540507db01a:      mov    %esp,%ebp
   0x6540507db01c:      sub    $0x30,%rsp
   0x6540507db023:      mov    %rdi,-0x8(%rbp)
   0x6540507db027:      mov    %rsi,-0x10(%rbp)
   0x6540507db02b:      mov    %rdx,-0x18(%rbp)
   0x6540507db02f:      mov    $0x0,%eax
   0x6540507db034:      mov    %eax,-0x1c(%rbp)
   0x6540507db037:      mov    -0x1c(%rbp),%eax
   0x6540507db03a:      movslq %eax,%rax
   0x6540507db03d:      shl    $0x3,%rax
   0x6540507db041:      mov    0x678(%rip),%rcx        # 0x6540507db6c0
   0x6540507db048:      add    %rax,%rcx
   0x6540507db04b:      mov    0x676(%rip),%rax        # 0x6540507db6c8
   0x6540507db052:      cmp    %rax,%rcx
   0x6540507db055:      je     0x6540507db09e
--Type <RET> for more, q to quit, c to continue without paging--
   0x6540507db05b:      mov    -0x1c(%rbp),%eax
   0x6540507db05e:      mov    %eax,%ecx
   0x6540507db060:      add    $0x1,%eax
   0x6540507db063:      mov    %eax,-0x1c(%rbp)
   0x6540507db066:      movslq %ecx,%rcx
   0x6540507db069:      shl    $0x3,%rcx
   0x6540507db06d:      mov    0x64c(%rip),%rax        # 0x6540507db6c0
   0x6540507db074:      add    %rcx,%rax
   0x6540507db077:      mov    (%rax),%rax
   0x6540507db07a:      mov    %rax,-0x28(%rbp)
   0x6540507db07e:      mov    -0x18(%rbp),%rax
   0x6540507db082:      mov    %rax,%r10
   0x6540507db085:      mov    -0x10(%rbp),%rax
   0x6540507db089:      mov    %rax,%rsi
   0x6540507db08c:      mov    -0x8(%rbp),%eax
   0x6540507db08f:      mov    %rax,%rdi
   0x6540507db092:      mov    %r10,%rdx
   0x6540507db095:      mov    -0x28(%rbp),%r11
   0x6540507db099:      call   *%r11
   0x6540507db09c:      jmp    0x6540507db037
   0x6540507db09e:      leave
   0x6540507db09f:      ret
   0x6540507db0a0:      push   %rbp
   0x6540507db0a1:      mov    %rsp,%rbp
   0x6540507db0a4:      sub    $0x10,%rsp
   0x6540507db0ab:      mov    $0x0,%eax
   0x6540507db0b0:      mov    %eax,-0x4(%rbp)
--Type <RET> for more, q to quit, c to continue without paging--
   0x6540507db0b3:      mov    -0x4(%rbp),%eax
   0x6540507db0b6:      movslq %eax,%rax
   0x6540507db0b9:      shl    $0x3,%rax
   0x6540507db0bd:      mov    0x60c(%rip),%rcx        # 0x6540507db6d0
   0x6540507db0c4:      add    %rax,%rcx
   0x6540507db0c7:      mov    0x60a(%rip),%rax        # 0x6540507db6d8
   0x6540507db0ce:      cmp    %rax,%rcx
   0x6540507db0d1:      je     0x6540507db101
   0x6540507db0d7:      mov    -0x4(%rbp),%eax
   0x6540507db0da:      add    $0xffffffff,%eax
   0x6540507db0dd:      mov    %eax,-0x4(%rbp)
   0x6540507db0e0:      movslq %eax,%rax
   0x6540507db0e3:      shl    $0x3,%rax
   0x6540507db0e7:      mov    0x5e2(%rip),%rcx        # 0x6540507db6d0
   0x6540507db0ee:      add    %rax,%rcx
   0x6540507db0f1:      mov    (%rcx),%rcx
   0x6540507db0f4:      mov    %rcx,-0x10(%rbp)
   0x6540507db0f8:      mov    -0x10(%rbp),%r11
   0x6540507db0fc:      call   *%r11
   0x6540507db0ff:      jmp    0x6540507db0b3
   0x6540507db101:      leave
   0x6540507db102:      ret
   0x6540507db103:      push   %rbp
   0x6540507db104:      mov    %rsp,%rbp
   0x6540507db107:      sub    $0x20,%rsp
   0x6540507db10e:      mov    %rdi,-0x8(%rbp)
   0x6540507db112:      mov    0x568(%rip),%eax        # 0x6540507db680
--Type <RET> for more, q to quit, c to continue without paging--
   0x6540507db118:      mov    %eax,-0xc(%rbp)
   0x6540507db11b:      mov    -0xc(%rbp),%eax
   0x6540507db11e:      cmp    $0x0,%eax
   0x6540507db121:      je     0x6540507db174
   0x6540507db127:      mov    -0xc(%rbp),%eax
   0x6540507db12a:      add    $0xffffffff,%eax
   0x6540507db12d:      mov    %eax,-0xc(%rbp)
   0x6540507db130:      mov    -0xc(%rbp),%eax
   0x6540507db133:      movslq %eax,%rax
   0x6540507db136:      shl    $0x3,%rax
   0x6540507db13a:      lea    0x33f(%rip),%rcx        # 0x6540507db480
   0x6540507db141:      add    %rax,%rcx
   0x6540507db144:      mov    -0xc(%rbp),%eax
   0x6540507db147:      movslq %eax,%rax
   0x6540507db14a:      shl    $0x3,%rax
   0x6540507db14e:      lea    0x42b(%rip),%rdx        # 0x6540507db580
   0x6540507db155:      add    %rax,%rdx
   0x6540507db158:      mov    %rcx,-0x18(%rbp)
   0x6540507db15c:      mov    (%rdx),%rdx
(gdb)
```

**Comment by ziyao233** [comment]
> not sure if this is right, below change works for me:
> <img alt="Image" width="879" height="378" src="https://private-user-images.githubusercontent.com/218882600/585158878-4de0b143-bb91-4772-aff9-ca6fc52db039.png?jwt=eyJ0eXAiOiJKV1QiLCJhbGciOiJIUzI1NiJ9.eyJpc3MiOiJnaXRodWIuY29tIiwiYXVkIjoicmF3LmdpdGh1YnVzZXJjb250ZW50LmNvbSIsImtleSI6ImtleTUiLCJleHAiOjE3Nzc0MzM0NDEsIm5iZiI6MTc3NzQzMzE0MSwicGF0aCI6Ii8yMTg4ODI2MDAvNTg1MTU4ODc4LTRkZTBiMTQzLWJiOTEtNDc3Mi1hZmY5LWNhNmZjNTJkYjAzOS5wbmc_WC1BbXotQWxnb3JpdGhtPUFXUzQtSE1BQy1TSEEyNTYmWC1BbXotQ3JlZGVudGlhbD1BS0lBVkNPRFlMU0E1M1BRSzRaQSUyRjIwMjYwNDI5JTJGdXMtZWFzdC0xJTJGczMlMkZhd3M0X3JlcXVlc3QmWC1BbXotRGF0ZT0yMDI2MDQyOVQwMzI1NDFaJlgtQW16LUV4cGlyZXM9MzAwJlgtQW16LVNpZ25hdHVyZT1iMGRhODYyZGEwMjc5ZTNkYjc2N2E1Zjk4Njc4ZGU0NGZmNjc3YzhkYzZkYTdiZWJkNjQ3MDEyNzVmYWE1ODk4JlgtQW16LVNpZ25lZEhlYWRlcnM9aG9zdCZyZXNwb25zZS1jb250ZW50LXR5cGU9aW1hZ2UlMkZwbmcifQ.ElTqHcVLr2PPYbduv2vPY0fM3Se3jbfDswauaFJPnR4">
> 
> update: it works for `for-loop-test.s`, both compile then run or with `-run` flag, but your minimal test code only works for compile and run, `tcc -run` will also lead to segmentation fault

Don't think this is the proper fix, this is more like a work around instead of a proper fix: the root cause is that

> The root cause is that TinyCC incorrectly handles .align-class pseudo instructions inside .text sections, naively filing zeroed bytes instead of nop instructions

Thus you should try making TinyCC able to find out what should be filled according to section type etc., instead of trying to avoid filling stuff which is done in your current changes. Please see my comments earlier,

> You probably want to fix asm_parse_directive() to decide what to fill based on sec->sh_flags.

BTW, please posting your changes as a text-formed diff next time, which is easier for others to read and understand :)

**Comment by jinyanghk** [comment]
ok, thanks, that make sense, for alignment NOP has to be filled, can't just skip the filling logic, let me think on that

**Comment by ziyao233** [comment]
> ok, thanks, that make sense, for alignment NOP has to be filled, can't just skip the filling logic, let me think on that

We have `gen_filled_nops()` which might be used for the purpose (not checked though)

**Comment by jinyanghk** [comment]
does below change make sense?
it works for my test code and your minimal test code, both compile&run and `-run`
```sh
$ git diff tccasm.c
diff --git a/tccasm.c b/tccasm.c
index b49762dc..326e0abf 100644
--- a/tccasm.c
+++ b/tccasm.c
@@ -535,12 +535,16 @@ static void asm_parse_directive(TCCState *s1, int global)
             v = asm_int_expr(s1);
         }
     zero_pad:
-        if (sec->sh_type != SHT_NOBITS) {
+        if (sec->sh_type != SHT_NOBITS && sec->sh_type != SHT_PROGBITS) {
             sec->data_offset = ind;
             ptr = section_ptr_add(sec, size);
             memset(ptr, v, size);
+            ind += size;
+        }
+        if(sec->sh_type == SHT_PROGBITS) {
+            int pad = ind % sec->sh_addralign;
+            gen_fill_nops(pad);
         }
-        ind += size;
         break;
     case TOK_ASMDIR_quad:
 #ifdef TCC_TARGET_X86_64
```

**Comment by ziyao233** [comment]
> does below change make sense? it works for my test code and your minimal test code, both compile&run and `-run`
> 
> $ git diff tccasm.c
> diff --git a/tccasm.c b/tccasm.c
> index b49762dc..326e0abf 100644
> --- a/tccasm.c
> +++ b/tccasm.c
> @@ -535,12 +535,16 @@ static void asm_parse_directive(TCCState *s1, int global)
>              v = asm_int_expr(s1);
>          }
>      zero_pad:
> -        if (sec->sh_type != SHT_NOBITS) {
> +        if (sec->sh_type != SHT_NOBITS && sec->sh_type != SHT_PROGBITS) {
>              sec->data_offset = ind;
>              ptr = section_ptr_add(sec, size);
>              memset(ptr, v, size);
> +            ind += size;
> +        }
> +        if(sec->sh_type == SHT_PROGBITS) {

While it might seem to work for x86_64, this

1. breaks expectation that an alignment directive put in data sections would fill the gaps with zeroes. SHT_PROGBITS don't mean code (see `elf(5)` for more information), it only informs that this section ships actual data in file, in opposite to `.bss` like sections which carries no data.
2. breaks architectures other than i386/x86_64 since they aren't able to handle nop sequence with arbitrary lengths. aarch64 instructions are always aligned to 4bytes, and RISC-V are 2bytes.

You probably want to check `sh_flags` instead, as I've mentioned before.

> +            int pad = ind % sec->sh_addralign;
> +            gen_fill_nops(pad);
>          }
> -        ind += size;
>          break;
>      case TOK_ASMDIR_quad:
>  #ifdef TCC_TARGET_X86_64

**Comment by jinyanghk** [comment]
i looked at each `gen_fill_nops`, most requires alignment is multiple of 4, except x86

is `if(sec->sh_type == SHT_PROGBITS && (sec->sh_flags & SHF_EXECINSTR))` condition good for NOP?

```sh
$ git diff tccasm.c
diff --git a/tccasm.c b/tccasm.c
index b49762dc..ad4fda4f 100644
--- a/tccasm.c
+++ b/tccasm.c
@@ -535,12 +535,19 @@ static void asm_parse_directive(TCCState *s1, int global)
             v = asm_int_expr(s1);
         }
     zero_pad:
-        if (sec->sh_type != SHT_NOBITS) {
+        if(sec->sh_type == SHT_PROGBITS && (sec->sh_flags & SHF_EXECINSTR)) {
+            int pad = ind % sec->sh_addralign;
+# if !defined TCC_TARGET_X86_64 && !defined TCC_TARGET_I386
+            while ((pad & 3))
+                pad++;
+# endif
+            gen_fill_nops(pad);
+        } else if(sec->sh_type != SHT_NOBITS){
             sec->data_offset = ind;
             ptr = section_ptr_add(sec, size);
             memset(ptr, v, size);
+            ind += size;
         }
-        ind += size;
         break;
     case TOK_ASMDIR_quad:
 #ifdef TCC_TARGET_X86_64
```

**Comment by jinyanghk** [comment]
previous one not right for non-x86, i found better algo to find next multiple of 4 number:

```sh
$ git diff tccasm.c
diff --git a/tccasm.c b/tccasm.c
index b49762dc..787bd3c4 100644
--- a/tccasm.c
+++ b/tccasm.c
@@ -535,12 +535,18 @@ static void asm_parse_directive(TCCState *s1, int global)
             v = asm_int_expr(s1);
         }
     zero_pad:
-        if (sec->sh_type != SHT_NOBITS) {
+        if(sec->sh_type == SHT_PROGBITS && (sec->sh_flags & SHF_EXECINSTR)) {
+            int pad = ind % sec->sh_addralign;
+# if !defined TCC_TARGET_X86_64 && !defined TCC_TARGET_I386
+            pad = ((pad + 3) / 4) * 4;
+# endif
+            gen_fill_nops(pad);
+        } else if(sec->sh_type != SHT_NOBITS){
             sec->data_offset = ind;
             ptr = section_ptr_add(sec, size);
             memset(ptr, v, size);
+            ind += size;
         }
-        ind += size;
         break;
     case TOK_ASMDIR_quad:
 #ifdef TCC_TARGET_X86_64
```

**Comment by ziyao233** [comment]
> previous one not right for non-x86, i found better algo to find next multiple of 4 number:
> 
> $ git diff tccasm.c
> diff --git a/tccasm.c b/tccasm.c
> index b49762dc..787bd3c4 100644
> --- a/tccasm.c
> +++ b/tccasm.c
> @@ -535,12 +535,18 @@ static void asm_parse_directive(TCCState *s1, int global)
>              v = asm_int_expr(s1);
>          }
>      zero_pad:
> -        if (sec->sh_type != SHT_NOBITS) {
> +        if(sec->sh_type == SHT_PROGBITS && (sec->sh_flags & SHF_EXECINSTR)) {
> +            int pad = ind % sec->sh_addralign;
> +# if !defined TCC_TARGET_X86_64 && !defined TCC_TARGET_I386
> +            pad = ((pad + 3) / 4) * 4;

Not all the architectures are only capable of padding to 4 bytes, as I've mentioned before, RISC-V (when compressed instructions are available) could have 2-bytes NOPs. This code might be acceptable, but you'd better add a comment to explain why four is chosen here.

Furthermore, I think it's the time to post your patch formally for review. Let's move to the mailing list for the remaining discussion :)

> +# endif
> +            gen_fill_nops(pad);
> +        } else if(sec->sh_type != SHT_NOBITS){
>              sec->data_offset = ind;
>              ptr = section_ptr_add(sec, size);
>              memset(ptr, v, size);
> +            ind += size;
>          }
> -        ind += size;
>          break;
>      case TOK_ASMDIR_quad:
>  #ifdef TCC_TARGET_X86_64

**Comment by jinyanghk** [comment]
thanks, give me sometime, i'll ask in maillist
